{"C:\\Abstrabit_SDE1_Task\\backend\\src\\graph\\blast.radius.ts": {"path":"C:\\Abstrabit_SDE1_Task\\backend\\src\\graph\\blast.radius.ts","statementMap":{"0":{"start":{"line":3,"column":56},"end":{"line":8,"column":null}},"1":{"start":{"line":22,"column":2},"end":{"line":25,"column":null}},"2":{"start":{"line":23,"column":4},"end":{"line":23,"column":null}},"3":{"start":{"line":23,"column":21},"end":{"line":23,"column":null}},"4":{"start":{"line":24,"column":4},"end":{"line":24,"column":null}},"5":{"start":{"line":26,"column":2},"end":{"line":26,"column":null}},"6":{"start":{"line":26,"column":19},"end":{"line":26,"column":null}},"7":{"start":{"line":27,"column":2},"end":{"line":27,"column":null}},"8":{"start":{"line":37,"column":22},"end":{"line":37,"column":null}},"9":{"start":{"line":38,"column":2},"end":{"line":38,"column":null}},"10":{"start":{"line":42,"column":2},"end":{"line":42,"column":null}},"11":{"start":{"line":42,"column":37},"end":{"line":42,"column":null}},"12":{"start":{"line":43,"column":2},"end":{"line":43,"column":null}},"13":{"start":{"line":43,"column":37},"end":{"line":43,"column":null}},"14":{"start":{"line":44,"column":2},"end":{"line":44,"column":null}},"15":{"start":{"line":44,"column":36},"end":{"line":44,"column":null}},"16":{"start":{"line":45,"column":2},"end":{"line":45,"column":null}},"17":{"start":{"line":61,"column":19},"end":{"line":61,"column":null}},"18":{"start":{"line":62,"column":65},"end":{"line":62,"column":null}},"19":{"start":{"line":65,"column":2},"end":{"line":69,"column":null}},"20":{"start":{"line":66,"column":17},"end":{"line":66,"column":null}},"21":{"start":{"line":67,"column":4},"end":{"line":67,"column":null}},"22":{"start":{"line":67,"column":15},"end":{"line":67,"column":null}},"23":{"start":{"line":68,"column":4},"end":{"line":68,"column":null}},"24":{"start":{"line":71,"column":17},"end":{"line":71,"column":null}},"25":{"start":{"line":72,"column":18},"end":{"line":72,"column":null}},"26":{"start":{"line":74,"column":2},"end":{"line":110,"column":null}},"27":{"start":{"line":75,"column":32},"end":{"line":75,"column":null}},"28":{"start":{"line":76,"column":17},"end":{"line":76,"column":null}},"29":{"start":{"line":77,"column":4},"end":{"line":77,"column":null}},"30":{"start":{"line":77,"column":15},"end":{"line":77,"column":null}},"31":{"start":{"line":79,"column":4},"end":{"line":94,"column":null}},"32":{"start":{"line":80,"column":35},"end":{"line":80,"column":null}},"33":{"start":{"line":81,"column":27},"end":{"line":81,"column":null}},"34":{"start":{"line":82,"column":6},"end":{"line":82,"column":null}},"35":{"start":{"line":83,"column":6},"end":{"line":83,"column":null}},"36":{"start":{"line":85,"column":6},"end":{"line":93,"column":null}},"37":{"start":{"line":97,"column":4},"end":{"line":109,"column":null}},"38":{"start":{"line":98,"column":6},"end":{"line":108,"column":null}},"39":{"start":{"line":99,"column":8},"end":{"line":107,"column":null}},"40":{"start":{"line":100,"column":31},"end":{"line":100,"column":null}},"41":{"start":{"line":101,"column":10},"end":{"line":101,"column":null}},"42":{"start":{"line":101,"column":29},"end":{"line":101,"column":null}},"43":{"start":{"line":102,"column":10},"end":{"line":106,"column":null}},"44":{"start":{"line":114,"column":22},"end":{"line":117,"column":null}},"45":{"start":{"line":115,"column":17},"end":{"line":115,"column":36}},"46":{"start":{"line":116,"column":37},"end":{"line":116,"column":47}},"47":{"start":{"line":117,"column":17},"end":{"line":117,"column":44}},"48":{"start":{"line":119,"column":29},"end":{"line":119,"column":null}},"49":{"start":{"line":119,"column":73},"end":{"line":119,"column":84}},"50":{"start":{"line":120,"column":19},"end":{"line":120,"column":null}},"51":{"start":{"line":122,"column":2},"end":{"line":129,"column":null}},"52":{"start":{"line":124,"column":59},"end":{"line":124,"column":122}}},"fnMap":{"0":{"name":"classifyImpact","decl":{"start":{"line":21,"column":9},"end":{"line":21,"column":24}},"loc":{"start":{"line":21,"column":79},"end":{"line":28,"column":null}},"line":21},"1":{"name":"riskContribution","decl":{"start":{"line":36,"column":9},"end":{"line":36,"column":26}},"loc":{"start":{"line":36,"column":75},"end":{"line":39,"column":null}},"line":36},"2":{"name":"severityFromScore","decl":{"start":{"line":41,"column":9},"end":{"line":41,"column":27}},"loc":{"start":{"line":41,"column":70},"end":{"line":46,"column":null}},"line":41},"3":{"name":"computeBlastRadius","decl":{"start":{"line":57,"column":16},"end":{"line":57,"column":null}},"loc":{"start":{"line":60,"column":21},"end":{"line":130,"column":null}},"line":60},"4":{"name":"(anonymous_4)","decl":{"start":{"line":115,"column":5},"end":{"line":115,"column":10}},"loc":{"start":{"line":115,"column":17},"end":{"line":115,"column":36}},"line":115},"5":{"name":"(anonymous_5)","decl":{"start":{"line":116,"column":5},"end":{"line":116,"column":13}},"loc":{"start":{"line":116,"column":37},"end":{"line":116,"column":47}},"line":116},"6":{"name":"(anonymous_6)","decl":{"start":{"line":117,"column":5},"end":{"line":117,"column":10}},"loc":{"start":{"line":117,"column":17},"end":{"line":117,"column":44}},"line":117},"7":{"name":"(anonymous_7)","decl":{"start":{"line":119,"column":59},"end":{"line":119,"column":67}},"loc":{"start":{"line":119,"column":73},"end":{"line":119,"column":84}},"line":119},"8":{"name":"(anonymous_8)","decl":{"start":{"line":124,"column":44},"end":{"line":124,"column":50}},"loc":{"start":{"line":124,"column":59},"end":{"line":124,"column":122}},"line":124}},"branchMap":{"0":{"loc":{"start":{"line":22,"column":2},"end":{"line":25,"column":null}},"type":"if","locations":[{"start":{"line":22,"column":2},"end":{"line":25,"column":null}},{"start":{},"end":{}}],"line":22},"1":{"loc":{"start":{"line":23,"column":4},"end":{"line":23,"column":null}},"type":"if","locations":[{"start":{"line":23,"column":4},"end":{"line":23,"column":null}},{"start":{},"end":{}}],"line":23},"2":{"loc":{"start":{"line":26,"column":2},"end":{"line":26,"column":null}},"type":"if","locations":[{"start":{"line":26,"column":2},"end":{"line":26,"column":null}},{"start":{},"end":{}}],"line":26},"3":{"loc":{"start":{"line":42,"column":2},"end":{"line":42,"column":null}},"type":"if","locations":[{"start":{"line":42,"column":2},"end":{"line":42,"column":null}},{"start":{},"end":{}}],"line":42},"4":{"loc":{"start":{"line":42,"column":6},"end":{"line":42,"column":37}},"type":"binary-expr","locations":[{"start":{"line":42,"column":6},"end":{"line":42,"column":22}},{"start":{"line":42,"column":22},"end":{"line":42,"column":37}}],"line":42},"5":{"loc":{"start":{"line":43,"column":2},"end":{"line":43,"column":null}},"type":"if","locations":[{"start":{"line":43,"column":2},"end":{"line":43,"column":null}},{"start":{},"end":{}}],"line":43},"6":{"loc":{"start":{"line":43,"column":6},"end":{"line":43,"column":37}},"type":"binary-expr","locations":[{"start":{"line":43,"column":6},"end":{"line":43,"column":22}},{"start":{"line":43,"column":22},"end":{"line":43,"column":37}}],"line":43},"7":{"loc":{"start":{"line":44,"column":2},"end":{"line":44,"column":null}},"type":"if","locations":[{"start":{"line":44,"column":2},"end":{"line":44,"column":null}},{"start":{},"end":{}}],"line":44},"8":{"loc":{"start":{"line":44,"column":6},"end":{"line":44,"column":36}},"type":"binary-expr","locations":[{"start":{"line":44,"column":6},"end":{"line":44,"column":21}},{"start":{"line":44,"column":21},"end":{"line":44,"column":36}}],"line":44},"9":{"loc":{"start":{"line":67,"column":4},"end":{"line":67,"column":null}},"type":"if","locations":[{"start":{"line":67,"column":4},"end":{"line":67,"column":null}},{"start":{},"end":{}}],"line":67},"10":{"loc":{"start":{"line":77,"column":4},"end":{"line":77,"column":null}},"type":"if","locations":[{"start":{"line":77,"column":4},"end":{"line":77,"column":null}},{"start":{},"end":{}}],"line":77},"11":{"loc":{"start":{"line":79,"column":4},"end":{"line":94,"column":null}},"type":"if","locations":[{"start":{"line":79,"column":4},"end":{"line":94,"column":null}},{"start":{},"end":{}}],"line":79},"12":{"loc":{"start":{"line":80,"column":35},"end":{"line":80,"column":null}},"type":"cond-expr","locations":[{"start":{"line":80,"column":49},"end":{"line":80,"column":60}},{"start":{"line":80,"column":60},"end":{"line":80,"column":null}}],"line":80},"13":{"loc":{"start":{"line":81,"column":27},"end":{"line":81,"column":null}},"type":"cond-expr","locations":[{"start":{"line":81,"column":41},"end":{"line":81,"column":45}},{"start":{"line":81,"column":45},"end":{"line":81,"column":null}}],"line":81},"14":{"loc":{"start":{"line":97,"column":4},"end":{"line":109,"column":null}},"type":"if","locations":[{"start":{"line":97,"column":4},"end":{"line":109,"column":null}},{"start":{},"end":{}}],"line":97},"15":{"loc":{"start":{"line":98,"column":31},"end":{"line":98,"column":61}},"type":"binary-expr","locations":[{"start":{"line":98,"column":31},"end":{"line":98,"column":57}},{"start":{"line":98,"column":57},"end":{"line":98,"column":61}}],"line":98},"16":{"loc":{"start":{"line":99,"column":8},"end":{"line":107,"column":null}},"type":"if","locations":[{"start":{"line":99,"column":8},"end":{"line":107,"column":null}},{"start":{},"end":{}}],"line":99},"17":{"loc":{"start":{"line":99,"column":12},"end":{"line":99,"column":74}},"type":"binary-expr","locations":[{"start":{"line":99,"column":12},"end":{"line":99,"column":41}},{"start":{"line":99,"column":41},"end":{"line":99,"column":74}}],"line":99},"18":{"loc":{"start":{"line":101,"column":10},"end":{"line":101,"column":null}},"type":"if","locations":[{"start":{"line":101,"column":10},"end":{"line":101,"column":null}},{"start":{},"end":{}}],"line":101},"19":{"loc":{"start":{"line":124,"column":59},"end":{"line":124,"column":122}},"type":"binary-expr","locations":[{"start":{"line":124,"column":59},"end":{"line":124,"column":80}},{"start":{"line":124,"column":80},"end":{"line":124,"column":122}}],"line":124}},"s":{"0":1,"1":5,"2":1,"3":1,"4":0,"5":4,"6":3,"7":1,"8":5,"9":5,"10":4,"11":1,"12":3,"13":1,"14":2,"15":1,"16":1,"17":4,"18":4,"19":4,"20":5,"21":5,"22":0,"23":5,"24":4,"25":4,"26":4,"27":10,"28":10,"29":10,"30":0,"31":10,"32":10,"33":10,"34":10,"35":10,"36":10,"37":10,"38":10,"39":6,"40":5,"41":5,"42":0,"43":5,"44":4,"45":5,"46":5,"47":5,"48":4,"49":10,"50":4,"51":4,"52":6},"f":{"0":5,"1":5,"2":4,"3":4,"4":5,"5":5,"6":5,"7":10,"8":6},"b":{"0":[1,4],"1":[1,0],"2":[3,1],"3":[1,3],"4":[4,3],"5":[1,2],"6":[3,2],"7":[1,1],"8":[2,1],"9":[0,5],"10":[0,10],"11":[10,0],"12":[5,5],"13":[5,5],"14":[10,0],"15":[10,0],"16":[5,1],"17":[6,5],"18":[0,5],"19":[6,2]},"meta":{"lastBranch":20,"lastFunction":9,"lastStatement":53,"seen":{"s:3:56:8:Infinity":0,"f:21:9:21:24":0,"b:22:2:25:Infinity:undefined:undefined:undefined:undefined":0,"s:22:2:25:Infinity":1,"b:23:4:23:Infinity:undefined:undefined:undefined:undefined":1,"s:23:4:23:Infinity":2,"s:23:21:23:Infinity":3,"s:24:4:24:Infinity":4,"b:26:2:26:Infinity:undefined:undefined:undefined:undefined":2,"s:26:2:26:Infinity":5,"s:26:19:26:Infinity":6,"s:27:2:27:Infinity":7,"f:36:9:36:26":1,"s:37:22:37:Infinity":8,"s:38:2:38:Infinity":9,"f:41:9:41:27":2,"b:42:2:42:Infinity:undefined:undefined:undefined:undefined":3,"s:42:2:42:Infinity":10,"b:42:6:42:22:42:22:42:37":4,"s:42:37:42:Infinity":11,"b:43:2:43:Infinity:undefined:undefined:undefined:undefined":5,"s:43:2:43:Infinity":12,"b:43:6:43:22:43:22:43:37":6,"s:43:37:43:Infinity":13,"b:44:2:44:Infinity:undefined:undefined:undefined:undefined":7,"s:44:2:44:Infinity":14,"b:44:6:44:21:44:21:44:36":8,"s:44:36:44:Infinity":15,"s:45:2:45:Infinity":16,"f:57:16:57:Infinity":3,"s:61:19:61:Infinity":17,"s:62:65:62:Infinity":18,"s:65:2:69:Infinity":19,"s:66:17:66:Infinity":20,"b:67:4:67:Infinity:undefined:undefined:undefined:undefined":9,"s:67:4:67:Infinity":21,"s:67:15:67:Infinity":22,"s:68:4:68:Infinity":23,"s:71:17:71:Infinity":24,"s:72:18:72:Infinity":25,"s:74:2:110:Infinity":26,"s:75:32:75:Infinity":27,"s:76:17:76:Infinity":28,"b:77:4:77:Infinity:undefined:undefined:undefined:undefined":10,"s:77:4:77:Infinity":29,"s:77:15:77:Infinity":30,"b:79:4:94:Infinity:undefined:undefined:undefined:undefined":11,"s:79:4:94:Infinity":31,"s:80:35:80:Infinity":32,"b:80:49:80:60:80:60:80:Infinity":12,"s:81:27:81:Infinity":33,"b:81:41:81:45:81:45:81:Infinity":13,"s:82:6:82:Infinity":34,"s:83:6:83:Infinity":35,"s:85:6:93:Infinity":36,"b:97:4:109:Infinity:undefined:undefined:undefined:undefined":14,"s:97:4:109:Infinity":37,"s:98:6:108:Infinity":38,"b:98:31:98:57:98:57:98:61":15,"b:99:8:107:Infinity:undefined:undefined:undefined:undefined":16,"s:99:8:107:Infinity":39,"b:99:12:99:41:99:41:99:74":17,"s:100:31:100:Infinity":40,"b:101:10:101:Infinity:undefined:undefined:undefined:undefined":18,"s:101:10:101:Infinity":41,"s:101:29:101:Infinity":42,"s:102:10:106:Infinity":43,"s:114:22:117:Infinity":44,"f:115:5:115:10":4,"s:115:17:115:36":45,"f:116:5:116:13":5,"s:116:37:116:47":46,"f:117:5:117:10":6,"s:117:17:117:44":47,"s:119:29:119:Infinity":48,"f:119:59:119:67":7,"s:119:73:119:84":49,"s:120:19:120:Infinity":50,"s:122:2:129:Infinity":51,"f:124:44:124:50":8,"s:124:59:124:122":52,"b:124:59:124:80:124:80:124:122":19},"fnNames":{}}}
,"C:\\Abstrabit_SDE1_Task\\backend\\src\\graph\\cycle.detector.ts": {"path":"C:\\Abstrabit_SDE1_Task\\backend\\src\\graph\\cycle.detector.ts","statementMap":{"0":{"start":{"line":18,"column":2},"end":{"line":20,"column":null}},"1":{"start":{"line":19,"column":4},"end":{"line":19,"column":null}},"2":{"start":{"line":23,"column":18},"end":{"line":23,"column":null}},"3":{"start":{"line":24,"column":50},"end":{"line":24,"column":null}},"4":{"start":{"line":26,"column":2},"end":{"line":43,"column":null}},"5":{"start":{"line":27,"column":25},"end":{"line":27,"column":null}},"6":{"start":{"line":28,"column":4},"end":{"line":28,"column":null}},"7":{"start":{"line":28,"column":25},"end":{"line":28,"column":null}},"8":{"start":{"line":29,"column":4},"end":{"line":29,"column":null}},"9":{"start":{"line":31,"column":4},"end":{"line":36,"column":null}},"10":{"start":{"line":35,"column":6},"end":{"line":35,"column":null}},"11":{"start":{"line":38,"column":4},"end":{"line":42,"column":null}},"12":{"start":{"line":39,"column":6},"end":{"line":41,"column":null}},"13":{"start":{"line":40,"column":8},"end":{"line":40,"column":null}},"14":{"start":{"line":45,"column":2},"end":{"line":45,"column":null}},"15":{"start":{"line":53,"column":29},"end":{"line":53,"column":null}},"16":{"start":{"line":54,"column":18},"end":{"line":54,"column":null}},"17":{"start":{"line":55,"column":18},"end":{"line":55,"column":null}},"18":{"start":{"line":56,"column":25},"end":{"line":56,"column":null}},"19":{"start":{"line":59,"column":4},"end":{"line":65,"column":null}},"20":{"start":{"line":60,"column":25},"end":{"line":60,"column":null}},"21":{"start":{"line":61,"column":6},"end":{"line":63,"column":null}},"22":{"start":{"line":62,"column":8},"end":{"line":62,"column":null}},"23":{"start":{"line":64,"column":6},"end":{"line":64,"column":null}},"24":{"start":{"line":66,"column":4},"end":{"line":66,"column":null}},"25":{"start":{"line":66,"column":25},"end":{"line":66,"column":null}},"26":{"start":{"line":68,"column":4},"end":{"line":68,"column":null}},"27":{"start":{"line":69,"column":4},"end":{"line":69,"column":null}},"28":{"start":{"line":70,"column":4},"end":{"line":70,"column":null}},"29":{"start":{"line":72,"column":4},"end":{"line":74,"column":null}},"30":{"start":{"line":73,"column":6},"end":{"line":73,"column":null}},"31":{"start":{"line":76,"column":4},"end":{"line":76,"column":null}},"32":{"start":{"line":77,"column":4},"end":{"line":77,"column":null}},"33":{"start":{"line":80,"column":2},"end":{"line":82,"column":null}},"34":{"start":{"line":81,"column":4},"end":{"line":81,"column":null}},"35":{"start":{"line":84,"column":2},"end":{"line":84,"column":null}}},"fnMap":{"0":{"name":"wouldCreateCycle","decl":{"start":{"line":13,"column":16},"end":{"line":13,"column":null}},"loc":{"start":{"line":17,"column":51},"end":{"line":46,"column":null}},"line":17},"1":{"name":"findAllCycles","decl":{"start":{"line":52,"column":16},"end":{"line":52,"column":30}},"loc":{"start":{"line":52,"column":64},"end":{"line":85,"column":null}},"line":52},"2":{"name":"dfs","decl":{"start":{"line":58,"column":11},"end":{"line":58,"column":15}},"loc":{"start":{"line":58,"column":27},"end":{"line":78,"column":null}},"line":58}},"branchMap":{"0":{"loc":{"start":{"line":18,"column":2},"end":{"line":20,"column":null}},"type":"if","locations":[{"start":{"line":18,"column":2},"end":{"line":20,"column":null}},{"start":{},"end":{}}],"line":18},"1":{"loc":{"start":{"line":28,"column":4},"end":{"line":28,"column":null}},"type":"if","locations":[{"start":{"line":28,"column":4},"end":{"line":28,"column":null}},{"start":{},"end":{}}],"line":28},"2":{"loc":{"start":{"line":31,"column":4},"end":{"line":36,"column":null}},"type":"if","locations":[{"start":{"line":31,"column":4},"end":{"line":36,"column":null}},{"start":{},"end":{}}],"line":31},"3":{"loc":{"start":{"line":38,"column":23},"end":{"line":38,"column":55}},"type":"binary-expr","locations":[{"start":{"line":38,"column":23},"end":{"line":38,"column":51}},{"start":{"line":38,"column":51},"end":{"line":38,"column":55}}],"line":38},"4":{"loc":{"start":{"line":39,"column":6},"end":{"line":41,"column":null}},"type":"if","locations":[{"start":{"line":39,"column":6},"end":{"line":41,"column":null}},{"start":{},"end":{}}],"line":39},"5":{"loc":{"start":{"line":59,"column":4},"end":{"line":65,"column":null}},"type":"if","locations":[{"start":{"line":59,"column":4},"end":{"line":65,"column":null}},{"start":{},"end":{}}],"line":59},"6":{"loc":{"start":{"line":61,"column":6},"end":{"line":63,"column":null}},"type":"if","locations":[{"start":{"line":61,"column":6},"end":{"line":63,"column":null}},{"start":{},"end":{}}],"line":61},"7":{"loc":{"start":{"line":66,"column":4},"end":{"line":66,"column":null}},"type":"if","locations":[{"start":{"line":66,"column":4},"end":{"line":66,"column":null}},{"start":{},"end":{}}],"line":66},"8":{"loc":{"start":{"line":72,"column":23},"end":{"line":72,"column":55}},"type":"binary-expr","locations":[{"start":{"line":72,"column":23},"end":{"line":72,"column":51}},{"start":{"line":72,"column":51},"end":{"line":72,"column":55}}],"line":72}},"s":{"0":4,"1":1,"2":3,"3":3,"4":3,"5":6,"6":6,"7":0,"8":6,"9":6,"10":2,"11":4,"12":3,"13":3,"14":1,"15":2,"16":2,"17":2,"18":2,"19":13,"20":1,"21":1,"22":1,"23":1,"24":12,"25":4,"26":8,"27":8,"28":8,"29":8,"30":5,"31":8,"32":8,"33":2,"34":8,"35":2},"f":{"0":4,"1":2,"2":13},"b":{"0":[1,3],"1":[0,6],"2":[2,4],"3":[4,0],"4":[3,0],"5":[1,12],"6":[1,0],"7":[4,8],"8":[8,0]},"meta":{"lastBranch":9,"lastFunction":3,"lastStatement":36,"seen":{"f:13:16:13:Infinity":0,"b:18:2:20:Infinity:undefined:undefined:undefined:undefined":0,"s:18:2:20:Infinity":0,"s:19:4:19:Infinity":1,"s:23:18:23:Infinity":2,"s:24:50:24:Infinity":3,"s:26:2:43:Infinity":4,"s:27:25:27:Infinity":5,"b:28:4:28:Infinity:undefined:undefined:undefined:undefined":1,"s:28:4:28:Infinity":6,"s:28:25:28:Infinity":7,"s:29:4:29:Infinity":8,"b:31:4:36:Infinity:undefined:undefined:undefined:undefined":2,"s:31:4:36:Infinity":9,"s:35:6:35:Infinity":10,"s:38:4:42:Infinity":11,"b:38:23:38:51:38:51:38:55":3,"b:39:6:41:Infinity:undefined:undefined:undefined:undefined":4,"s:39:6:41:Infinity":12,"s:40:8:40:Infinity":13,"s:45:2:45:Infinity":14,"f:52:16:52:30":1,"s:53:29:53:Infinity":15,"s:54:18:54:Infinity":16,"s:55:18:55:Infinity":17,"s:56:25:56:Infinity":18,"f:58:11:58:15":2,"b:59:4:65:Infinity:undefined:undefined:undefined:undefined":5,"s:59:4:65:Infinity":19,"s:60:25:60:Infinity":20,"b:61:6:63:Infinity:undefined:undefined:undefined:undefined":6,"s:61:6:63:Infinity":21,"s:62:8:62:Infinity":22,"s:64:6:64:Infinity":23,"b:66:4:66:Infinity:undefined:undefined:undefined:undefined":7,"s:66:4:66:Infinity":24,"s:66:25:66:Infinity":25,"s:68:4:68:Infinity":26,"s:69:4:69:Infinity":27,"s:70:4:70:Infinity":28,"s:72:4:74:Infinity":29,"b:72:23:72:51:72:51:72:55":8,"s:73:6:73:Infinity":30,"s:76:4:76:Infinity":31,"s:77:4:77:Infinity":32,"s:80:2:82:Infinity":33,"s:81:4:81:Infinity":34,"s:84:2:84:Infinity":35},"fnNames":{}}}
}
